2020-12-07 21:22:07,830 INFO o.a.j.u.JMeterUtils: Setting Locale to en_EN
2020-12-07 21:22:07,848 INFO o.a.j.JMeter: Loading user properties from: /opt/apache-jmeter-5.4/bin/user.properties
2020-12-07 21:22:07,849 INFO o.a.j.JMeter: Loading system properties from: /opt/apache-jmeter-5.4/bin/system.properties
2020-12-07 21:22:07,856 INFO o.a.j.JMeter: Copyright (c) 1998-2020 The Apache Software Foundation
2020-12-07 21:22:07,856 INFO o.a.j.JMeter: Version 5.4
2020-12-07 21:22:07,856 INFO o.a.j.JMeter: java.version=1.8.0_275
2020-12-07 21:22:07,856 INFO o.a.j.JMeter: java.vm.name=OpenJDK 64-Bit Server VM
2020-12-07 21:22:07,856 INFO o.a.j.JMeter: os.name=Linux
2020-12-07 21:22:07,856 INFO o.a.j.JMeter: os.arch=amd64
2020-12-07 21:22:07,856 INFO o.a.j.JMeter: os.version=5.4.0-56-generic
2020-12-07 21:22:07,856 INFO o.a.j.JMeter: file.encoding=UTF-8
2020-12-07 21:22:07,857 INFO o.a.j.JMeter: java.awt.headless=true
2020-12-07 21:22:07,857 INFO o.a.j.JMeter: Max memory     =1073741824
2020-12-07 21:22:07,857 INFO o.a.j.JMeter: Available Processors =8
2020-12-07 21:22:07,862 INFO o.a.j.JMeter: Default Locale=English (EN)
2020-12-07 21:22:07,863 INFO o.a.j.JMeter: JMeter  Locale=English (EN)
2020-12-07 21:22:07,863 INFO o.a.j.JMeter: JMeterHome=/opt/apache-jmeter-5.4
2020-12-07 21:22:07,863 INFO o.a.j.JMeter: user.dir  =/home/myb/badhorse/test
2020-12-07 21:22:07,863 INFO o.a.j.JMeter: PWD       =/home/myb/badhorse/test
2020-12-07 21:22:07,882 INFO o.a.j.JMeter: IP: 192.168.123.239 Name: mybpc FullName: mybpc.lan
2020-12-07 21:22:07,888 INFO o.a.j.s.FileServer: Default base='/home/myb/badhorse/test'
2020-12-07 21:22:07,889 INFO o.a.j.s.FileServer: Set new base='/home/myb/badhorse/test'
2020-12-07 21:22:08,018 INFO o.a.j.s.SaveService: Testplan (JMX) version: 2.2. Testlog (JTL) version: 2.2
2020-12-07 21:22:08,043 INFO o.a.j.s.SaveService: Using SaveService properties file encoding UTF-8
2020-12-07 21:22:08,049 INFO o.a.j.s.SaveService: Using SaveService properties version 5.0
2020-12-07 21:22:08,054 INFO o.a.j.s.SaveService: Loading file: nnbdc-test-plan.jmx
2020-12-07 21:22:08,114 INFO o.a.j.p.h.c.CookieManager: Settings: Delete null: true Check: true Allow variable: true Save: false Prefix: COOKIE_
2020-12-07 21:22:08,140 INFO o.a.j.p.h.s.HTTPSamplerBase: Parser for text/html is org.apache.jmeter.protocol.http.parser.LagartoBasedHtmlParser
2020-12-07 21:22:08,140 INFO o.a.j.p.h.s.HTTPSamplerBase: Parser for application/xhtml+xml is org.apache.jmeter.protocol.http.parser.LagartoBasedHtmlParser
2020-12-07 21:22:08,141 INFO o.a.j.p.h.s.HTTPSamplerBase: Parser for application/xml is org.apache.jmeter.protocol.http.parser.LagartoBasedHtmlParser
2020-12-07 21:22:08,141 INFO o.a.j.p.h.s.HTTPSamplerBase: Parser for text/xml is org.apache.jmeter.protocol.http.parser.LagartoBasedHtmlParser
2020-12-07 21:22:08,141 INFO o.a.j.p.h.s.HTTPSamplerBase: Parser for text/vnd.wap.wml is org.apache.jmeter.protocol.http.parser.RegexpHTMLParser
2020-12-07 21:22:08,141 INFO o.a.j.p.h.s.HTTPSamplerBase: Parser for text/css is org.apache.jmeter.protocol.http.parser.CssParser
2020-12-07 21:22:08,169 INFO o.a.j.JMeter: Creating summariser <summary>
2020-12-07 21:22:08,173 INFO o.a.j.e.StandardJMeterEngine: Running the test!
2020-12-07 21:22:08,174 INFO o.a.j.s.SampleEvent: List of sample_variables: []
2020-12-07 21:22:08,174 INFO o.a.j.s.SampleEvent: List of sample_variables: []
2020-12-07 21:22:08,178 INFO o.a.j.e.u.CompoundVariable: Note: Function class names must contain the string: '.functions.'
2020-12-07 21:22:08,178 INFO o.a.j.e.u.CompoundVariable: Note: Function class names must not contain the string: '.gui.'
2020-12-07 21:22:08,513 INFO o.a.j.JMeter: Running test (1607347328513)
2020-12-07 21:22:08,552 INFO o.a.j.e.StandardJMeterEngine: Starting ThreadGroup: 1 : Server-Side Stress Test
2020-12-07 21:22:08,553 INFO o.a.j.e.StandardJMeterEngine: Starting 99 threads for group Server-Side Stress Test.
2020-12-07 21:22:08,553 INFO o.a.j.e.StandardJMeterEngine: Thread will continue on error
2020-12-07 21:22:08,553 INFO o.a.j.t.ThreadGroup: Starting thread group... number=1 threads=99 ramp-up=0 delayedStart=false
2020-12-07 21:22:08,612 INFO o.a.j.s.SampleResult: Note: Sample TimeStamps are START times
2020-12-07 21:22:08,612 INFO o.a.j.s.SampleResult: sampleresult.default.encoding is set to ISO-8859-1
2020-12-07 21:22:08,612 INFO o.a.j.s.SampleResult: sampleresult.useNanoTime=true
2020-12-07 21:22:08,613 INFO o.a.j.s.SampleResult: sampleresult.nanoThreadSleep=5000
2020-12-07 21:22:08,615 INFO o.a.j.t.JMeterThread: Thread started: Server-Side Stress Test 1-18
2020-12-07 21:22:08,615 INFO o.a.j.t.JMeterThread: Thread started: Server-Side Stress Test 1-2
2020-12-07 21:22:08,616 INFO o.a.j.t.JMeterThread: Thread started: Server-Side Stress Test 1-19
2020-12-07 21:22:08,616 INFO o.a.j.t.JMeterThread: Thread started: Server-Side Stress Test 1-21
2020-12-07 21:22:08,617 INFO o.a.j.t.JMeterThread: Thread started: Server-Side Stress Test 1-1
2020-12-07 21:22:08,617 INFO o.a.j.t.JMeterThread: Thread started: Server-Side Stress Test 1-3
2020-12-07 21:22:08,618 INFO o.a.j.s.FileServer: Stored: data/loginUserData.csv
2020-12-07 21:22:08,620 INFO o.a.j.t.JMeterThread: Thread started: Server-Side Stress Test 1-22
2020-12-07 21:22:08,622 INFO o.a.j.t.JMeterThread: Thread started: Server-Side Stress Test 1-7
2020-12-07 21:22:08,622 INFO o.a.j.t.JMeterThread: Thread started: Server-Side Stress Test 1-14
2020-12-07 21:22:08,622 INFO o.a.j.t.JMeterThread: Thread started: Server-Side Stress Test 1-11
2020-12-07 21:22:08,622 INFO o.a.j.t.JMeterThread: Thread started: Server-Side Stress Test 1-23
2020-12-07 21:22:08,623 INFO o.a.j.t.JMeterThread: Thread started: Server-Side Stress Test 1-12
2020-12-07 21:22:08,623 INFO o.a.j.t.JMeterThread: Thread started: Server-Side Stress Test 1-13
2020-12-07 21:22:08,623 INFO o.a.j.t.JMeterThread: Thread started: Server-Side Stress Test 1-16
2020-12-07 21:22:08,623 INFO o.a.j.t.JMeterThread: Thread started: Server-Side Stress Test 1-5
2020-12-07 21:22:08,625 INFO o.a.j.t.JMeterThread: Thread started: Server-Side Stress Test 1-9
2020-12-07 21:22:08,625 INFO o.a.j.t.JMeterThread: Thread started: Server-Side Stress Test 1-20
2020-12-07 21:22:08,624 INFO o.a.j.t.JMeterThread: Thread started: Server-Side Stress Test 1-15
2020-12-07 21:22:08,626 INFO o.a.j.t.JMeterThread: Thread started: Server-Side Stress Test 1-17
2020-12-07 21:22:08,626 INFO o.a.j.t.JMeterThread: Thread started: Server-Side Stress Test 1-6
2020-12-07 21:22:08,626 INFO o.a.j.t.JMeterThread: Thread started: Server-Side Stress Test 1-4
2020-12-07 21:22:08,624 INFO o.a.j.t.JMeterThread: Thread started: Server-Side Stress Test 1-8
2020-12-07 21:22:08,624 INFO o.a.j.t.JMeterThread: Thread started: Server-Side Stress Test 1-10
2020-12-07 21:22:08,627 INFO o.a.j.t.JMeterThread: Thread started: Server-Side Stress Test 1-24
2020-12-07 21:22:08,630 INFO o.a.j.t.JMeterThread: Thread started: Server-Side Stress Test 1-25
2020-12-07 21:22:08,635 INFO o.a.j.t.JMeterThread: Thread started: Server-Side Stress Test 1-26
2020-12-07 21:22:08,635 INFO o.a.j.t.JMeterThread: Thread started: Server-Side Stress Test 1-27
2020-12-07 21:22:08,636 INFO o.a.j.t.JMeterThread: Thread started: Server-Side Stress Test 1-28
2020-12-07 21:22:08,637 INFO o.a.j.t.JMeterThread: Thread started: Server-Side Stress Test 1-29
2020-12-07 21:22:08,638 INFO o.a.j.t.JMeterThread: Thread started: Server-Side Stress Test 1-30
2020-12-07 21:22:08,640 INFO o.a.j.t.JMeterThread: Thread started: Server-Side Stress Test 1-31
2020-12-07 21:22:08,642 INFO o.a.j.t.JMeterThread: Thread started: Server-Side Stress Test 1-32
2020-12-07 21:22:08,644 INFO o.a.j.t.JMeterThread: Thread started: Server-Side Stress Test 1-34
2020-12-07 21:22:08,649 INFO o.a.j.t.JMeterThread: Thread started: Server-Side Stress Test 1-33
2020-12-07 21:22:08,649 INFO o.a.j.t.JMeterThread: Thread started: Server-Side Stress Test 1-36
2020-12-07 21:22:08,649 INFO o.a.j.t.JMeterThread: Thread started: Server-Side Stress Test 1-35
2020-12-07 21:22:08,657 INFO o.a.j.t.JMeterThread: Thread started: Server-Side Stress Test 1-37
2020-12-07 21:22:08,657 INFO o.a.j.t.JMeterThread: Thread started: Server-Side Stress Test 1-38
2020-12-07 21:22:08,659 INFO o.a.j.t.JMeterThread: Thread started: Server-Side Stress Test 1-40
2020-12-07 21:22:08,659 INFO o.a.j.t.JMeterThread: Thread started: Server-Side Stress Test 1-39
2020-12-07 21:22:08,660 INFO o.a.j.t.JMeterThread: Thread started: Server-Side Stress Test 1-41
2020-12-07 21:22:08,662 INFO o.a.j.p.h.s.HTTPHCAbstractImpl: Local host = mybpc
2020-12-07 21:22:08,662 INFO o.a.j.t.JMeterThread: Thread started: Server-Side Stress Test 1-42
2020-12-07 21:22:08,664 INFO o.a.j.t.JMeterThread: Thread started: Server-Side Stress Test 1-43
2020-12-07 21:22:08,667 INFO o.a.j.t.JMeterThread: Thread started: Server-Side Stress Test 1-44
2020-12-07 21:22:08,668 INFO o.a.j.t.JMeterThread: Thread started: Server-Side Stress Test 1-45
2020-12-07 21:22:08,669 INFO o.a.j.t.JMeterThread: Thread started: Server-Side Stress Test 1-46
2020-12-07 21:22:08,672 INFO o.a.j.p.h.s.HTTPHC4Impl: HTTP request retry count = 0
2020-12-07 21:22:08,673 INFO o.a.j.t.JMeterThread: Thread started: Server-Side Stress Test 1-47
2020-12-07 21:22:08,675 INFO o.a.j.t.JMeterThread: Thread started: Server-Side Stress Test 1-48
2020-12-07 21:22:08,675 INFO o.a.j.t.JMeterThread: Thread started: Server-Side Stress Test 1-49
2020-12-07 21:22:08,677 INFO o.a.j.t.JMeterThread: Thread started: Server-Side Stress Test 1-50
2020-12-07 21:22:08,678 INFO o.a.j.t.JMeterThread: Thread started: Server-Side Stress Test 1-51
2020-12-07 21:22:08,680 INFO o.a.j.t.JMeterThread: Thread started: Server-Side Stress Test 1-52
2020-12-07 21:22:08,680 INFO o.a.j.t.JMeterThread: Thread started: Server-Side Stress Test 1-54
2020-12-07 21:22:08,681 INFO o.a.j.t.JMeterThread: Thread started: Server-Side Stress Test 1-53
2020-12-07 21:22:08,682 INFO o.a.j.t.JMeterThread: Thread started: Server-Side Stress Test 1-55
2020-12-07 21:22:08,683 INFO o.a.j.t.JMeterThread: Thread started: Server-Side Stress Test 1-56
2020-12-07 21:22:08,684 INFO o.a.j.t.JMeterThread: Thread started: Server-Side Stress Test 1-57
2020-12-07 21:22:08,685 INFO o.a.j.t.JMeterThread: Thread started: Server-Side Stress Test 1-58
2020-12-07 21:22:08,686 INFO o.a.j.t.JMeterThread: Thread started: Server-Side Stress Test 1-59
2020-12-07 21:22:08,687 INFO o.a.j.t.JMeterThread: Thread started: Server-Side Stress Test 1-60
2020-12-07 21:22:08,688 INFO o.a.j.t.JMeterThread: Thread started: Server-Side Stress Test 1-61
2020-12-07 21:22:08,689 INFO o.a.j.t.JMeterThread: Thread started: Server-Side Stress Test 1-62
2020-12-07 21:22:08,691 INFO o.a.j.t.JMeterThread: Thread started: Server-Side Stress Test 1-63
2020-12-07 21:22:08,693 INFO o.a.j.t.JMeterThread: Thread started: Server-Side Stress Test 1-64
2020-12-07 21:22:08,694 INFO o.a.j.t.JMeterThread: Thread started: Server-Side Stress Test 1-65
2020-12-07 21:22:08,698 INFO o.a.j.t.JMeterThread: Thread started: Server-Side Stress Test 1-66
2020-12-07 21:22:08,699 INFO o.a.j.t.JMeterThread: Thread started: Server-Side Stress Test 1-67
2020-12-07 21:22:08,705 INFO o.a.j.t.JMeterThread: Thread started: Server-Side Stress Test 1-68
2020-12-07 21:22:08,706 INFO o.a.j.t.JMeterThread: Thread started: Server-Side Stress Test 1-69
2020-12-07 21:22:08,708 INFO o.a.j.t.JMeterThread: Thread started: Server-Side Stress Test 1-70
2020-12-07 21:22:08,710 INFO o.a.j.t.JMeterThread: Thread started: Server-Side Stress Test 1-71
2020-12-07 21:22:08,711 INFO o.a.j.t.JMeterThread: Thread started: Server-Side Stress Test 1-72
2020-12-07 21:22:08,715 INFO o.a.j.t.JMeterThread: Thread started: Server-Side Stress Test 1-73
2020-12-07 21:22:08,723 INFO o.a.j.t.JMeterThread: Thread started: Server-Side Stress Test 1-74
2020-12-07 21:22:08,726 INFO o.a.j.t.JMeterThread: Thread started: Server-Side Stress Test 1-75
2020-12-07 21:22:08,734 INFO o.a.j.t.JMeterThread: Thread started: Server-Side Stress Test 1-76
2020-12-07 21:22:08,749 INFO o.a.j.t.JMeterThread: Thread started: Server-Side Stress Test 1-77
2020-12-07 21:22:08,759 INFO o.a.j.t.JMeterThread: Thread started: Server-Side Stress Test 1-79
2020-12-07 21:22:08,758 INFO o.a.j.t.JMeterThread: Thread started: Server-Side Stress Test 1-78
2020-12-07 21:22:08,763 INFO o.a.j.t.JMeterThread: Thread started: Server-Side Stress Test 1-80
2020-12-07 21:22:08,764 INFO o.a.j.t.JMeterThread: Thread started: Server-Side Stress Test 1-81
2020-12-07 21:22:08,767 INFO o.a.j.t.JMeterThread: Thread started: Server-Side Stress Test 1-82
2020-12-07 21:22:08,767 INFO o.a.j.t.JMeterThread: Thread started: Server-Side Stress Test 1-83
2020-12-07 21:22:08,769 INFO o.a.j.t.JMeterThread: Thread started: Server-Side Stress Test 1-84
2020-12-07 21:22:08,772 INFO o.a.j.t.JMeterThread: Thread started: Server-Side Stress Test 1-85
2020-12-07 21:22:08,774 INFO o.a.j.t.JMeterThread: Thread started: Server-Side Stress Test 1-86
2020-12-07 21:22:08,775 INFO o.a.j.t.JMeterThread: Thread started: Server-Side Stress Test 1-87
2020-12-07 21:22:08,779 INFO o.a.j.t.JMeterThread: Thread started: Server-Side Stress Test 1-88
2020-12-07 21:22:08,780 INFO o.a.j.t.JMeterThread: Thread started: Server-Side Stress Test 1-89
2020-12-07 21:22:08,786 INFO o.a.j.t.JMeterThread: Thread started: Server-Side Stress Test 1-90
2020-12-07 21:22:08,790 INFO o.a.j.t.JMeterThread: Thread started: Server-Side Stress Test 1-91
2020-12-07 21:22:08,792 INFO o.a.j.t.JMeterThread: Thread started: Server-Side Stress Test 1-92
2020-12-07 21:22:08,795 INFO o.a.j.t.JMeterThread: Thread started: Server-Side Stress Test 1-93
2020-12-07 21:22:08,801 INFO o.a.j.t.JMeterThread: Thread started: Server-Side Stress Test 1-94
2020-12-07 21:22:08,809 INFO o.a.j.t.JMeterThread: Thread started: Server-Side Stress Test 1-95
2020-12-07 21:22:08,819 INFO o.a.j.t.JMeterThread: Thread started: Server-Side Stress Test 1-96
2020-12-07 21:22:08,828 INFO o.a.j.t.JMeterThread: Thread started: Server-Side Stress Test 1-97
2020-12-07 21:22:08,835 INFO o.a.j.t.ThreadGroup: Started thread group number 1
2020-12-07 21:22:08,835 INFO o.a.j.e.StandardJMeterEngine: All thread groups have been started
2020-12-07 21:22:08,834 INFO o.a.j.t.JMeterThread: Thread started: Server-Side Stress Test 1-98
2020-12-07 21:22:08,836 INFO o.a.j.t.JMeterThread: Thread started: Server-Side Stress Test 1-99
2020-12-07 21:22:30,101 INFO o.a.j.r.Summariser: summary +   2297 in 00:00:22 =  106.5/s Avg:   793 Min:     1 Max:  5310 Err:     0 (0.00%) Active: 99 Started: 99 Finished: 0
2020-12-07 21:22:43,839 INFO o.a.j.t.JMeterThread: Thread is done: Server-Side Stress Test 1-42
2020-12-07 21:22:43,839 INFO o.a.j.t.JMeterThread: Thread finished: Server-Side Stress Test 1-42
2020-12-07 21:22:48,027 INFO o.a.j.t.JMeterThread: Thread is done: Server-Side Stress Test 1-98
2020-12-07 21:22:48,028 INFO o.a.j.t.JMeterThread: Thread finished: Server-Side Stress Test 1-98
2020-12-07 21:22:57,501 INFO o.a.j.t.JMeterThread: Thread is done: Server-Side Stress Test 1-16
2020-12-07 21:22:57,503 INFO o.a.j.t.JMeterThread: Thread finished: Server-Side Stress Test 1-16
2020-12-07 21:22:59,464 INFO o.a.j.t.JMeterThread: Thread is done: Server-Side Stress Test 1-66
2020-12-07 21:22:59,465 INFO o.a.j.t.JMeterThread: Thread finished: Server-Side Stress Test 1-66
2020-12-07 21:23:00,018 INFO o.a.j.r.Summariser: summary +   3160 in 00:00:30 =  105.6/s Avg:   886 Min:     2 Max:  7546 Err:     0 (0.00%) Active: 95 Started: 99 Finished: 4
2020-12-07 21:23:00,019 INFO o.a.j.r.Summariser: summary =   5457 in 00:00:52 =  106.0/s Avg:   847 Min:     1 Max:  7546 Err:     0 (0.00%)
2020-12-07 21:23:00,079 INFO o.a.j.t.JMeterThread: Thread is done: Server-Side Stress Test 1-2
2020-12-07 21:23:00,079 INFO o.a.j.t.JMeterThread: Thread finished: Server-Side Stress Test 1-2
2020-12-07 21:23:01,452 INFO o.a.j.t.JMeterThread: Thread is done: Server-Side Stress Test 1-28
2020-12-07 21:23:01,453 INFO o.a.j.t.JMeterThread: Thread finished: Server-Side Stress Test 1-28
2020-12-07 21:23:02,330 INFO o.a.j.t.JMeterThread: Thread is done: Server-Side Stress Test 1-15
2020-12-07 21:23:02,330 INFO o.a.j.t.JMeterThread: Thread finished: Server-Side Stress Test 1-15
2020-12-07 21:23:02,512 INFO o.a.j.t.JMeterThread: Thread is done: Server-Side Stress Test 1-67
2020-12-07 21:23:02,513 INFO o.a.j.t.JMeterThread: Thread finished: Server-Side Stress Test 1-67
2020-12-07 21:23:03,666 INFO o.a.j.t.JMeterThread: Thread is done: Server-Side Stress Test 1-34
2020-12-07 21:23:03,667 INFO o.a.j.t.JMeterThread: Thread finished: Server-Side Stress Test 1-34
2020-12-07 21:23:04,034 INFO o.a.j.t.JMeterThread: Thread is done: Server-Side Stress Test 1-30
2020-12-07 21:23:04,034 INFO o.a.j.t.JMeterThread: Thread finished: Server-Side Stress Test 1-30
2020-12-07 21:23:04,303 INFO o.a.j.t.JMeterThread: Thread is done: Server-Side Stress Test 1-61
2020-12-07 21:23:04,304 INFO o.a.j.t.JMeterThread: Thread finished: Server-Side Stress Test 1-61
2020-12-07 21:23:05,298 INFO o.a.j.t.JMeterThread: Thread is done: Server-Side Stress Test 1-13
2020-12-07 21:23:05,299 INFO o.a.j.t.JMeterThread: Thread finished: Server-Side Stress Test 1-13
2020-12-07 21:23:05,734 INFO o.a.j.t.JMeterThread: Thread is done: Server-Side Stress Test 1-76
2020-12-07 21:23:05,734 INFO o.a.j.t.JMeterThread: Thread finished: Server-Side Stress Test 1-76
2020-12-07 21:23:05,811 INFO o.a.j.t.JMeterThread: Thread is done: Server-Side Stress Test 1-92
2020-12-07 21:23:05,811 INFO o.a.j.t.JMeterThread: Thread finished: Server-Side Stress Test 1-92
2020-12-07 21:23:05,834 INFO o.a.j.t.JMeterThread: Thread is done: Server-Side Stress Test 1-36
2020-12-07 21:23:05,834 INFO o.a.j.t.JMeterThread: Thread finished: Server-Side Stress Test 1-36
2020-12-07 21:23:06,064 INFO o.a.j.t.JMeterThread: Thread is done: Server-Side Stress Test 1-44
2020-12-07 21:23:06,065 INFO o.a.j.t.JMeterThread: Thread finished: Server-Side Stress Test 1-44
2020-12-07 21:23:06,282 INFO o.a.j.t.JMeterThread: Thread is done: Server-Side Stress Test 1-27
2020-12-07 21:23:06,282 INFO o.a.j.t.JMeterThread: Thread finished: Server-Side Stress Test 1-27
2020-12-07 21:23:06,318 INFO o.a.j.t.JMeterThread: Thread is done: Server-Side Stress Test 1-12
2020-12-07 21:23:06,318 INFO o.a.j.t.JMeterThread: Thread finished: Server-Side Stress Test 1-12
2020-12-07 21:23:06,402 INFO o.a.j.t.JMeterThread: Thread is done: Server-Side Stress Test 1-99
2020-12-07 21:23:06,403 INFO o.a.j.t.JMeterThread: Thread finished: Server-Side Stress Test 1-99
2020-12-07 21:23:06,497 INFO o.a.j.t.JMeterThread: Thread is done: Server-Side Stress Test 1-22
2020-12-07 21:23:06,497 INFO o.a.j.t.JMeterThread: Thread finished: Server-Side Stress Test 1-22
2020-12-07 21:23:06,609 INFO o.a.j.t.JMeterThread: Thread is done: Server-Side Stress Test 1-81
2020-12-07 21:23:06,609 INFO o.a.j.t.JMeterThread: Thread finished: Server-Side Stress Test 1-81
2020-12-07 21:23:06,899 INFO o.a.j.t.JMeterThread: Thread is done: Server-Side Stress Test 1-19
2020-12-07 21:23:06,900 INFO o.a.j.t.JMeterThread: Thread finished: Server-Side Stress Test 1-19
2020-12-07 21:23:07,395 INFO o.a.j.t.JMeterThread: Thread is done: Server-Side Stress Test 1-5
2020-12-07 21:23:07,395 INFO o.a.j.t.JMeterThread: Thread finished: Server-Side Stress Test 1-5
2020-12-07 21:23:07,459 INFO o.a.j.t.JMeterThread: Thread is done: Server-Side Stress Test 1-9
2020-12-07 21:23:07,459 INFO o.a.j.t.JMeterThread: Thread finished: Server-Side Stress Test 1-9
2020-12-07 21:23:07,649 INFO o.a.j.t.JMeterThread: Thread is done: Server-Side Stress Test 1-29
2020-12-07 21:23:07,649 INFO o.a.j.t.JMeterThread: Thread finished: Server-Side Stress Test 1-29
2020-12-07 21:23:07,918 INFO o.a.j.t.JMeterThread: Thread is done: Server-Side Stress Test 1-7
2020-12-07 21:23:07,919 INFO o.a.j.t.JMeterThread: Thread finished: Server-Side Stress Test 1-7
2020-12-07 21:23:08,032 INFO o.a.j.t.JMeterThread: Thread is done: Server-Side Stress Test 1-65
2020-12-07 21:23:08,032 INFO o.a.j.t.JMeterThread: Thread finished: Server-Side Stress Test 1-65
2020-12-07 21:23:08,155 INFO o.a.j.t.JMeterThread: Thread is done: Server-Side Stress Test 1-78
2020-12-07 21:23:08,156 INFO o.a.j.t.JMeterThread: Thread finished: Server-Side Stress Test 1-78
2020-12-07 21:23:08,881 INFO o.a.j.t.JMeterThread: Thread is done: Server-Side Stress Test 1-62
2020-12-07 21:23:08,881 INFO o.a.j.t.JMeterThread: Thread finished: Server-Side Stress Test 1-62
2020-12-07 21:23:09,512 INFO o.a.j.t.JMeterThread: Thread is done: Server-Side Stress Test 1-74
2020-12-07 21:23:09,512 INFO o.a.j.t.JMeterThread: Thread finished: Server-Side Stress Test 1-74
2020-12-07 21:23:09,920 INFO o.a.j.t.JMeterThread: Thread is done: Server-Side Stress Test 1-55
2020-12-07 21:23:09,921 INFO o.a.j.t.JMeterThread: Thread finished: Server-Side Stress Test 1-55
2020-12-07 21:23:09,998 INFO o.a.j.t.JMeterThread: Thread is done: Server-Side Stress Test 1-59
2020-12-07 21:23:09,998 INFO o.a.j.t.JMeterThread: Thread finished: Server-Side Stress Test 1-59
2020-12-07 21:23:10,485 INFO o.a.j.t.JMeterThread: Thread is done: Server-Side Stress Test 1-26
2020-12-07 21:23:10,486 INFO o.a.j.t.JMeterThread: Thread finished: Server-Side Stress Test 1-26
2020-12-07 21:23:10,882 INFO o.a.j.t.JMeterThread: Thread is done: Server-Side Stress Test 1-73
2020-12-07 21:23:10,882 INFO o.a.j.t.JMeterThread: Thread finished: Server-Side Stress Test 1-73
2020-12-07 21:23:10,946 INFO o.a.j.t.JMeterThread: Thread is done: Server-Side Stress Test 1-50
2020-12-07 21:23:10,947 INFO o.a.j.t.JMeterThread: Thread finished: Server-Side Stress Test 1-50
2020-12-07 21:23:11,756 INFO o.a.j.t.JMeterThread: Thread is done: Server-Side Stress Test 1-23
2020-12-07 21:23:11,756 INFO o.a.j.t.JMeterThread: Thread finished: Server-Side Stress Test 1-23
2020-12-07 21:23:11,839 INFO o.a.j.t.JMeterThread: Thread is done: Server-Side Stress Test 1-80
2020-12-07 21:23:11,839 INFO o.a.j.t.JMeterThread: Thread finished: Server-Side Stress Test 1-80
2020-12-07 21:23:12,051 INFO o.a.j.t.JMeterThread: Thread is done: Server-Side Stress Test 1-35
2020-12-07 21:23:12,051 INFO o.a.j.t.JMeterThread: Thread finished: Server-Side Stress Test 1-35
2020-12-07 21:23:12,414 INFO o.a.j.t.JMeterThread: Thread is done: Server-Side Stress Test 1-31
2020-12-07 21:23:12,414 INFO o.a.j.t.JMeterThread: Thread finished: Server-Side Stress Test 1-31
2020-12-07 21:23:12,612 INFO o.a.j.t.JMeterThread: Thread is done: Server-Side Stress Test 1-39
2020-12-07 21:23:12,612 INFO o.a.j.t.JMeterThread: Thread finished: Server-Side Stress Test 1-39
2020-12-07 21:23:12,653 INFO o.a.j.t.JMeterThread: Thread is done: Server-Side Stress Test 1-6
2020-12-07 21:23:12,654 INFO o.a.j.t.JMeterThread: Thread finished: Server-Side Stress Test 1-6
2020-12-07 21:23:12,813 INFO o.a.j.t.JMeterThread: Thread is done: Server-Side Stress Test 1-93
2020-12-07 21:23:12,814 INFO o.a.j.t.JMeterThread: Thread finished: Server-Side Stress Test 1-93
2020-12-07 21:23:16,701 INFO o.a.j.t.JMeterThread: Thread is done: Server-Side Stress Test 1-46
2020-12-07 21:23:16,701 INFO o.a.j.t.JMeterThread: Thread finished: Server-Side Stress Test 1-46
2020-12-07 21:23:16,728 INFO o.a.j.t.JMeterThread: Thread is done: Server-Side Stress Test 1-51
2020-12-07 21:23:16,728 INFO o.a.j.t.JMeterThread: Thread finished: Server-Side Stress Test 1-51
2020-12-07 21:23:16,771 INFO o.a.j.t.JMeterThread: Thread is done: Server-Side Stress Test 1-41
2020-12-07 21:23:16,771 INFO o.a.j.t.JMeterThread: Thread finished: Server-Side Stress Test 1-41
2020-12-07 21:23:16,822 INFO o.a.j.t.JMeterThread: Thread is done: Server-Side Stress Test 1-21
2020-12-07 21:23:16,822 INFO o.a.j.t.JMeterThread: Thread finished: Server-Side Stress Test 1-21
2020-12-07 21:23:16,866 INFO o.a.j.t.JMeterThread: Thread is done: Server-Side Stress Test 1-82
2020-12-07 21:23:16,866 INFO o.a.j.t.JMeterThread: Thread finished: Server-Side Stress Test 1-82
2020-12-07 21:23:16,907 INFO o.a.j.t.JMeterThread: Thread is done: Server-Side Stress Test 1-68
2020-12-07 21:23:16,907 INFO o.a.j.t.JMeterThread: Thread finished: Server-Side Stress Test 1-68
2020-12-07 21:23:17,013 INFO o.a.j.t.JMeterThread: Thread is done: Server-Side Stress Test 1-83
2020-12-07 21:23:17,013 INFO o.a.j.t.JMeterThread: Thread finished: Server-Side Stress Test 1-83
2020-12-07 21:23:18,978 INFO o.a.j.t.JMeterThread: Thread is done: Server-Side Stress Test 1-69
2020-12-07 21:23:18,979 INFO o.a.j.t.JMeterThread: Thread finished: Server-Side Stress Test 1-69
2020-12-07 21:23:19,077 INFO o.a.j.t.JMeterThread: Thread is done: Server-Side Stress Test 1-33
2020-12-07 21:23:19,077 INFO o.a.j.t.JMeterThread: Thread finished: Server-Side Stress Test 1-33
2020-12-07 21:23:19,281 INFO o.a.j.t.JMeterThread: Thread is done: Server-Side Stress Test 1-49
2020-12-07 21:23:19,282 INFO o.a.j.t.JMeterThread: Thread finished: Server-Side Stress Test 1-49
2020-12-07 21:23:19,309 INFO o.a.j.t.JMeterThread: Thread is done: Server-Side Stress Test 1-24
2020-12-07 21:23:19,309 INFO o.a.j.t.JMeterThread: Thread finished: Server-Side Stress Test 1-24
2020-12-07 21:23:20,501 INFO o.a.j.t.JMeterThread: Thread is done: Server-Side Stress Test 1-77
2020-12-07 21:23:20,501 INFO o.a.j.t.JMeterThread: Thread finished: Server-Side Stress Test 1-77
2020-12-07 21:23:20,721 INFO o.a.j.t.JMeterThread: Thread is done: Server-Side Stress Test 1-86
2020-12-07 21:23:20,721 INFO o.a.j.t.JMeterThread: Thread finished: Server-Side Stress Test 1-86
2020-12-07 21:23:20,983 INFO o.a.j.t.JMeterThread: Thread is done: Server-Side Stress Test 1-48
2020-12-07 21:23:20,984 INFO o.a.j.t.JMeterThread: Thread finished: Server-Side Stress Test 1-48
2020-12-07 21:23:21,060 INFO o.a.j.t.JMeterThread: Thread is done: Server-Side Stress Test 1-71
2020-12-07 21:23:21,060 INFO o.a.j.t.JMeterThread: Thread finished: Server-Side Stress Test 1-71
2020-12-07 21:23:21,188 INFO o.a.j.t.JMeterThread: Thread is done: Server-Side Stress Test 1-75
2020-12-07 21:23:21,188 INFO o.a.j.t.JMeterThread: Thread finished: Server-Side Stress Test 1-75
2020-12-07 21:23:22,623 INFO o.a.j.t.JMeterThread: Thread is done: Server-Side Stress Test 1-14
2020-12-07 21:23:22,623 INFO o.a.j.t.JMeterThread: Thread finished: Server-Side Stress Test 1-14
2020-12-07 21:23:22,805 INFO o.a.j.t.JMeterThread: Thread is done: Server-Side Stress Test 1-88
2020-12-07 21:23:22,805 INFO o.a.j.t.JMeterThread: Thread finished: Server-Side Stress Test 1-88
2020-12-07 21:23:25,212 INFO o.a.j.t.JMeterThread: Thread is done: Server-Side Stress Test 1-87
2020-12-07 21:23:25,212 INFO o.a.j.t.JMeterThread: Thread finished: Server-Side Stress Test 1-87
2020-12-07 21:23:25,291 INFO o.a.j.t.JMeterThread: Thread is done: Server-Side Stress Test 1-60
2020-12-07 21:23:25,292 INFO o.a.j.t.JMeterThread: Thread finished: Server-Side Stress Test 1-60
2020-12-07 21:23:25,494 INFO o.a.j.t.JMeterThread: Thread is done: Server-Side Stress Test 1-45
2020-12-07 21:23:25,495 INFO o.a.j.t.JMeterThread: Thread finished: Server-Side Stress Test 1-45
2020-12-07 21:23:25,540 INFO o.a.j.t.JMeterThread: Thread is done: Server-Side Stress Test 1-58
2020-12-07 21:23:25,541 INFO o.a.j.t.JMeterThread: Thread finished: Server-Side Stress Test 1-58
2020-12-07 21:23:25,629 INFO o.a.j.t.JMeterThread: Thread is done: Server-Side Stress Test 1-11
2020-12-07 21:23:25,629 INFO o.a.j.t.JMeterThread: Thread finished: Server-Side Stress Test 1-11
2020-12-07 21:23:25,662 INFO o.a.j.t.JMeterThread: Thread is done: Server-Side Stress Test 1-20
2020-12-07 21:23:25,662 INFO o.a.j.t.JMeterThread: Thread finished: Server-Side Stress Test 1-20
2020-12-07 21:23:27,603 INFO o.a.j.t.JMeterThread: Thread is done: Server-Side Stress Test 1-54
2020-12-07 21:23:27,603 INFO o.a.j.t.JMeterThread: Thread finished: Server-Side Stress Test 1-54
2020-12-07 21:23:27,916 INFO o.a.j.t.JMeterThread: Thread is done: Server-Side Stress Test 1-89
2020-12-07 21:23:27,916 INFO o.a.j.t.JMeterThread: Thread finished: Server-Side Stress Test 1-89
2020-12-07 21:23:29,959 INFO o.a.j.t.JMeterThread: Thread is done: Server-Side Stress Test 1-18
2020-12-07 21:23:29,959 INFO o.a.j.t.JMeterThread: Thread finished: Server-Side Stress Test 1-18
2020-12-07 21:23:30,006 INFO o.a.j.r.Summariser: summary +   2111 in 00:00:30 =   70.4/s Avg:   968 Min:     1 Max:  8301 Err:     0 (0.00%) Active: 30 Started: 99 Finished: 69
2020-12-07 21:23:30,006 INFO o.a.j.r.Summariser: summary =   7568 in 00:01:21 =   92.9/s Avg:   881 Min:     1 Max:  8301 Err:     0 (0.00%)
2020-12-07 21:23:30,090 INFO o.a.j.t.JMeterThread: Thread is done: Server-Side Stress Test 1-94
2020-12-07 21:23:30,090 INFO o.a.j.t.JMeterThread: Thread finished: Server-Side Stress Test 1-94
2020-12-07 21:23:30,185 INFO o.a.j.t.JMeterThread: Thread is done: Server-Side Stress Test 1-40
2020-12-07 21:23:30,185 INFO o.a.j.t.JMeterThread: Thread finished: Server-Side Stress Test 1-40
2020-12-07 21:23:30,283 INFO o.a.j.t.JMeterThread: Thread is done: Server-Side Stress Test 1-70
2020-12-07 21:23:30,283 INFO o.a.j.t.JMeterThread: Thread finished: Server-Side Stress Test 1-70
2020-12-07 21:23:31,856 INFO o.a.j.t.JMeterThread: Thread is done: Server-Side Stress Test 1-32
2020-12-07 21:23:31,857 INFO o.a.j.t.JMeterThread: Thread finished: Server-Side Stress Test 1-32
2020-12-07 21:23:31,868 INFO o.a.j.t.JMeterThread: Thread is done: Server-Side Stress Test 1-64
2020-12-07 21:23:31,868 INFO o.a.j.t.JMeterThread: Thread finished: Server-Side Stress Test 1-64
2020-12-07 21:23:32,026 INFO o.a.j.t.JMeterThread: Thread is done: Server-Side Stress Test 1-53
2020-12-07 21:23:32,026 INFO o.a.j.t.JMeterThread: Thread finished: Server-Side Stress Test 1-53
2020-12-07 21:23:32,047 INFO o.a.j.t.JMeterThread: Thread is done: Server-Side Stress Test 1-25
2020-12-07 21:23:32,047 INFO o.a.j.t.JMeterThread: Thread finished: Server-Side Stress Test 1-25
2020-12-07 21:23:32,054 INFO o.a.j.t.JMeterThread: Thread is done: Server-Side Stress Test 1-96
2020-12-07 21:23:32,054 INFO o.a.j.t.JMeterThread: Thread finished: Server-Side Stress Test 1-96
2020-12-07 21:23:32,115 INFO o.a.j.t.JMeterThread: Thread is done: Server-Side Stress Test 1-57
2020-12-07 21:23:32,116 INFO o.a.j.t.JMeterThread: Thread finished: Server-Side Stress Test 1-57
2020-12-07 21:23:32,123 INFO o.a.j.t.JMeterThread: Thread is done: Server-Side Stress Test 1-90
2020-12-07 21:23:32,124 INFO o.a.j.t.JMeterThread: Thread finished: Server-Side Stress Test 1-90
2020-12-07 21:23:32,170 INFO o.a.j.t.JMeterThread: Thread is done: Server-Side Stress Test 1-85
2020-12-07 21:23:32,170 INFO o.a.j.t.JMeterThread: Thread finished: Server-Side Stress Test 1-85
2020-12-07 21:23:32,203 INFO o.a.j.t.JMeterThread: Thread is done: Server-Side Stress Test 1-72
2020-12-07 21:23:32,203 INFO o.a.j.t.JMeterThread: Thread finished: Server-Side Stress Test 1-72
2020-12-07 21:23:32,462 INFO o.a.j.t.JMeterThread: Thread is done: Server-Side Stress Test 1-91
2020-12-07 21:23:32,462 INFO o.a.j.t.JMeterThread: Thread finished: Server-Side Stress Test 1-91
2020-12-07 21:23:35,242 INFO o.a.j.t.JMeterThread: Thread is done: Server-Side Stress Test 1-79
2020-12-07 21:23:35,242 INFO o.a.j.t.JMeterThread: Thread finished: Server-Side Stress Test 1-79
2020-12-07 21:23:35,435 INFO o.a.j.t.JMeterThread: Thread is done: Server-Side Stress Test 1-37
2020-12-07 21:23:35,435 INFO o.a.j.t.JMeterThread: Thread finished: Server-Side Stress Test 1-37
2020-12-07 21:23:35,490 INFO o.a.j.t.JMeterThread: Thread is done: Server-Side Stress Test 1-56
2020-12-07 21:23:35,490 INFO o.a.j.t.JMeterThread: Thread finished: Server-Side Stress Test 1-56
2020-12-07 21:23:35,746 INFO o.a.j.t.JMeterThread: Thread is done: Server-Side Stress Test 1-47
2020-12-07 21:23:35,746 INFO o.a.j.t.JMeterThread: Thread finished: Server-Side Stress Test 1-47
2020-12-07 21:23:35,898 INFO o.a.j.t.JMeterThread: Thread is done: Server-Side Stress Test 1-95
2020-12-07 21:23:35,898 INFO o.a.j.t.JMeterThread: Thread finished: Server-Side Stress Test 1-95
2020-12-07 21:23:38,110 INFO o.a.j.t.JMeterThread: Thread is done: Server-Side Stress Test 1-38
2020-12-07 21:23:38,111 INFO o.a.j.t.JMeterThread: Thread finished: Server-Side Stress Test 1-38
2020-12-07 21:23:38,148 INFO o.a.j.t.JMeterThread: Thread is done: Server-Side Stress Test 1-63
2020-12-07 21:23:38,149 INFO o.a.j.t.JMeterThread: Thread finished: Server-Side Stress Test 1-63
2020-12-07 21:23:38,184 INFO o.a.j.t.JMeterThread: Thread is done: Server-Side Stress Test 1-1
2020-12-07 21:23:38,184 INFO o.a.j.t.JMeterThread: Thread finished: Server-Side Stress Test 1-1
2020-12-07 21:23:38,318 INFO o.a.j.t.JMeterThread: Thread is done: Server-Side Stress Test 1-8
2020-12-07 21:23:38,318 INFO o.a.j.t.JMeterThread: Thread finished: Server-Side Stress Test 1-8
2020-12-07 21:23:38,518 INFO o.a.j.t.JMeterThread: Thread is done: Server-Side Stress Test 1-84
2020-12-07 21:23:38,518 INFO o.a.j.t.JMeterThread: Thread finished: Server-Side Stress Test 1-84
2020-12-07 21:23:38,645 INFO o.a.j.t.JMeterThread: Thread is done: Server-Side Stress Test 1-17
2020-12-07 21:23:38,645 INFO o.a.j.t.JMeterThread: Thread finished: Server-Side Stress Test 1-17
2020-12-07 21:23:38,662 INFO o.a.j.t.JMeterThread: Thread is done: Server-Side Stress Test 1-10
2020-12-07 21:23:38,662 INFO o.a.j.t.JMeterThread: Thread finished: Server-Side Stress Test 1-10
2020-12-07 21:23:38,702 INFO o.a.j.t.JMeterThread: Thread is done: Server-Side Stress Test 1-52
2020-12-07 21:23:38,703 INFO o.a.j.t.JMeterThread: Thread finished: Server-Side Stress Test 1-52
2020-12-07 21:23:40,732 INFO o.a.j.t.JMeterThread: Thread is done: Server-Side Stress Test 1-3
2020-12-07 21:23:40,732 INFO o.a.j.t.JMeterThread: Thread finished: Server-Side Stress Test 1-3
2020-12-07 21:23:40,739 INFO o.a.j.t.JMeterThread: Thread is done: Server-Side Stress Test 1-4
2020-12-07 21:23:40,740 INFO o.a.j.t.JMeterThread: Thread finished: Server-Side Stress Test 1-4
2020-12-07 21:23:40,845 INFO o.a.j.t.JMeterThread: Thread is done: Server-Side Stress Test 1-43
2020-12-07 21:23:40,846 INFO o.a.j.t.JMeterThread: Thread finished: Server-Side Stress Test 1-43
2020-12-07 21:23:40,895 INFO o.a.j.t.JMeterThread: Thread is done: Server-Side Stress Test 1-97
2020-12-07 21:23:40,895 INFO o.a.j.t.JMeterThread: Thread finished: Server-Side Stress Test 1-97
2020-12-07 21:23:40,896 INFO o.a.j.e.StandardJMeterEngine: Notifying test listeners of end of test
2020-12-07 21:23:40,896 INFO o.a.j.s.FileServer: Close: data/loginUserData.csv
2020-12-07 21:23:40,896 INFO o.a.j.r.Summariser: summary +    352 in 00:00:11 =   32.3/s Avg:   511 Min:     1 Max:  4334 Err:     0 (0.00%) Active: 0 Started: 99 Finished: 99
2020-12-07 21:23:40,896 INFO o.a.j.r.Summariser: summary =   7920 in 00:01:32 =   85.7/s Avg:   864 Min:     1 Max:  8301 Err:     0 (0.00%)
